<?xml version="1.0" encoding="UTF-8"?>
<testng-results ignored="0" total="3" passed="3" failed="0" skipped="0">
  <reporter-output>
  </reporter-output>
  <suite started-at="2024-09-03T22:14:16 IST" name="Default suite" finished-at="2024-09-03T22:14:40 IST" duration-ms="24481">
    <groups>
    </groups>
    <test started-at="2024-09-03T22:14:16 IST" name="Default test" finished-at="2024-09-03T22:14:40 IST" duration-ms="24481">
      <class name="Tests.TC005_AddToCart">
        <test-method is-config="true" signature="setup()[pri:0, instance:Tests.TC005_AddToCart@449a4f23]" started-at="2024-09-03T22:14:16 IST" name="setup" finished-at="2024-09-03T22:14:25 IST" duration-ms="8277" status="PASS">
          <reporter-output>
          </reporter-output>
        </test-method> <!-- setup -->
        <test-method signature="addToCartTest()[pri:0, instance:Tests.TC005_AddToCart@449a4f23]" started-at="2024-09-03T22:14:25 IST" name="addToCartTest" finished-at="2024-09-03T22:14:30 IST" duration-ms="5321" status="PASS">
          <reporter-output>
          </reporter-output>
        </test-method> <!-- addToCartTest -->
        <test-method signature="addToCartTenTimesTest()[pri:0, instance:Tests.TC005_AddToCart@449a4f23]" started-at="2024-09-03T22:14:30 IST" name="addToCartTenTimesTest" finished-at="2024-09-03T22:14:40 IST" depends-on-methods="Tests.TC005_AddToCart.addToCartTest" duration-ms="10239" status="PASS">
          <reporter-output>
          </reporter-output>
        </test-method> <!-- addToCartTenTimesTest -->
        <test-method signature="checkCartCount()[pri:0, instance:Tests.TC005_AddToCart@449a4f23]" started-at="2024-09-03T22:14:40 IST" name="checkCartCount" finished-at="2024-09-03T22:14:40 IST" depends-on-methods="Tests.TC005_AddToCart.addToCartTenTimesTest" duration-ms="45" status="PASS">
          <reporter-output>
          </reporter-output>
        </test-method> <!-- checkCartCount -->
        <test-method is-config="true" signature="tearDown()[pri:0, instance:Tests.TC005_AddToCart@449a4f23]" started-at="2024-09-03T22:14:40 IST" name="tearDown" finished-at="2024-09-03T22:14:40 IST" duration-ms="0" status="PASS">
          <reporter-output>
          </reporter-output>
        </test-method> <!-- tearDown -->
      </class> <!-- Tests.TC005_AddToCart -->
    </test> <!-- Default test -->
  </suite> <!-- Default suite -->
</testng-results>
