<?xml version="1.0" encoding="UTF-8"?>
<testng-results ignored="0" total="1" passed="1" failed="0" skipped="0">
  <reporter-output>
  </reporter-output>
  <suite started-at="2024-08-26T19:52:45 IST" name="Suite" finished-at="2024-08-26T19:52:58 IST" duration-ms="13123">
    <groups>
    </groups>
    <test started-at="2024-08-26T19:52:45 IST" name="Test" finished-at="2024-08-26T19:52:58 IST" duration-ms="13123">
      <class name="Tests.T001_Registration">
        <test-method is-config="true" signature="setup()[pri:0, instance:Tests.T001_Registration@3527942a]" started-at="2024-08-26T19:52:45 IST" name="setup" finished-at="2024-08-26T19:52:55 IST" duration-ms="9774" status="PASS">
          <reporter-output>
          </reporter-output>
        </test-method> <!-- setup -->
        <test-method signature="regiteration()[pri:0, instance:Tests.T001_Registration@3527942a]" started-at="2024-08-26T19:52:55 IST" name="regiteration" finished-at="2024-08-26T19:52:58 IST" duration-ms="2936" status="PASS">
          <reporter-output>
          </reporter-output>
        </test-method> <!-- regiteration -->
        <test-method is-config="true" signature="tearDown()[pri:0, instance:Tests.T001_Registration@3527942a]" started-at="2024-08-26T19:52:58 IST" name="tearDown" finished-at="2024-08-26T19:52:58 IST" duration-ms="361" status="PASS">
          <reporter-output>
          </reporter-output>
        </test-method> <!-- tearDown -->
      </class> <!-- Tests.T001_Registration -->
    </test> <!-- Test -->
  </suite> <!-- Suite -->
</testng-results>
